-------------------------------------------------------------------------------
Test set: deu.se.team4.deu_se_frontend.MainAppTest
-------------------------------------------------------------------------------
Tests run: 2, Failures: 0, Errors: 2, Skipped: 0, Time elapsed: 0.565 sec <<< FAILURE! - in deu.se.team4.deu_se_frontend.MainAppTest
testStart(deu.se.team4.deu_se_frontend.MainAppTest)  Time elapsed: 0.389 sec  <<< ERROR!
java.lang.ExceptionInInitializerError: null
	at com.sun.javafx.application.PlatformImpl.runLater(PlatformImpl.java:273)
	at com.sun.javafx.application.PlatformImpl.runLater(PlatformImpl.java:268)
	at com.sun.javafx.application.PlatformImpl.setPlatformUserAgentStylesheet(PlatformImpl.java:550)
	at com.sun.javafx.application.PlatformImpl.setDefaultPlatformUserAgentStylesheet(PlatformImpl.java:512)
	at javafx.scene.control.Control.<clinit>(Control.java:87)
	at sun.reflect.NativeConstructorAccessorImpl.newInstance0(Native Method)
	at sun.reflect.NativeConstructorAccessorImpl.newInstance(NativeConstructorAccessorImpl.java:62)
	at sun.reflect.DelegatingConstructorAccessorImpl.newInstance(DelegatingConstructorAccessorImpl.java:45)
	at java.lang.reflect.Constructor.newInstance(Constructor.java:423)
	at java.lang.Class.newInstance(Class.java:442)
	at sun.reflect.misc.ReflectUtil.newInstance(ReflectUtil.java:51)
	at javafx.fxml.FXMLLoader$InstanceDeclarationElement.constructValue(FXMLLoader.java:1009)
	at javafx.fxml.FXMLLoader$ValueElement.processStartElement(FXMLLoader.java:746)
	at javafx.fxml.FXMLLoader.processStartElement(FXMLLoader.java:2707)
	at javafx.fxml.FXMLLoader.loadImpl(FXMLLoader.java:2527)
	at javafx.fxml.FXMLLoader.loadImpl(FXMLLoader.java:2441)
	at javafx.fxml.FXMLLoader.loadImpl(FXMLLoader.java:3214)
	at javafx.fxml.FXMLLoader.loadImpl(FXMLLoader.java:3175)
	at javafx.fxml.FXMLLoader.loadImpl(FXMLLoader.java:3148)
	at javafx.fxml.FXMLLoader.loadImpl(FXMLLoader.java:3124)
	at javafx.fxml.FXMLLoader.loadImpl(FXMLLoader.java:3104)
	at javafx.fxml.FXMLLoader.load(FXMLLoader.java:3097)
	at deu.se.team4.deu_se_frontend.MainApp.start(MainApp.java:15)
	at deu.se.team4.deu_se_frontend.MainAppTest.testStart(MainAppTest.java:49)

testMain(deu.se.team4.deu_se_frontend.MainAppTest)  Time elapsed: 0.116 sec  <<< ERROR!
java.lang.RuntimeException: Exception in Application start method
	at com.sun.javafx.application.LauncherImpl.launchApplication1(LauncherImpl.java:917)
	at com.sun.javafx.application.LauncherImpl.lambda$launchApplication$155(LauncherImpl.java:182)
	at java.lang.Thread.run(Thread.java:748)
Caused by: java.lang.NoClassDefFoundError: Could not initialize class javafx.scene.control.Button
	at sun.reflect.NativeConstructorAccessorImpl.newInstance0(Native Method)
	at sun.reflect.NativeConstructorAccessorImpl.newInstance(NativeConstructorAccessorImpl.java:62)
	at sun.reflect.DelegatingConstructorAccessorImpl.newInstance(DelegatingConstructorAccessorImpl.java:45)
	at java.lang.reflect.Constructor.newInstance(Constructor.java:423)
	at java.lang.Class.newInstance(Class.java:442)
	at sun.reflect.misc.ReflectUtil.newInstance(ReflectUtil.java:51)
	at javafx.fxml.FXMLLoader$InstanceDeclarationElement.constructValue(FXMLLoader.java:1009)
	at javafx.fxml.FXMLLoader$ValueElement.processStartElement(FXMLLoader.java:746)
	at javafx.fxml.FXMLLoader.processStartElement(FXMLLoader.java:2707)
	at javafx.fxml.FXMLLoader.loadImpl(FXMLLoader.java:2527)
	at javafx.fxml.FXMLLoader.loadImpl(FXMLLoader.java:2441)
	at javafx.fxml.FXMLLoader.loadImpl(FXMLLoader.java:3214)
	at javafx.fxml.FXMLLoader.loadImpl(FXMLLoader.java:3175)
	at javafx.fxml.FXMLLoader.loadImpl(FXMLLoader.java:3148)
	at javafx.fxml.FXMLLoader.loadImpl(FXMLLoader.java:3124)
	at javafx.fxml.FXMLLoader.loadImpl(FXMLLoader.java:3104)
	at javafx.fxml.FXMLLoader.load(FXMLLoader.java:3097)
	at deu.se.team4.deu_se_frontend.MainApp.start(MainApp.java:15)
	at com.sun.javafx.application.LauncherImpl.lambda$launchApplication1$162(LauncherImpl.java:863)
	at com.sun.javafx.application.PlatformImpl.lambda$runAndWait$175(PlatformImpl.java:326)
	at com.sun.javafx.application.PlatformImpl.lambda$null$173(PlatformImpl.java:295)
	at java.security.AccessController.doPrivileged(Native Method)
	at com.sun.javafx.application.PlatformImpl.lambda$runLater$174(PlatformImpl.java:294)
	at com.sun.glass.ui.InvokeLaterDispatcher$Future.run(InvokeLaterDispatcher.java:95)
	at com.sun.glass.ui.win.WinApplication._runLoop(Native Method)
	at com.sun.glass.ui.win.WinApplication.lambda$null$148(WinApplication.java:191)
	at java.lang.Thread.run(Thread.java:748)

